<?xml version="1.0" encoding="UTF-8"?>
<!-- Generated by org.testng.reporters.JUnitReportReporter -->
<testsuite skipped="0" hostname="DESKTOP-38IUH1H" name="practise.TC_08Test" tests="1" failures="0" timestamp="2021-08-12T14:37:12 IST" time="6.287" errors="0">
  <testcase name="createAccount" time="6.287" classname="practise.TC_08Test"/>
  <system-out>
from create account  </system-out>
</testsuite> <!-- practise.TC_08Test -->
