<?xml version="1.0" encoding="UTF-8"?>
<!-- Generated by org.testng.reporters.JUnitReportReporter -->
<testsuite skipped="0" hostname="DESKTOP-38IUH1H" name="basics.TestCase03Test" tests="2" failures="0" timestamp="2021-08-05T11:40:41 IST" time="0.008" errors="0">
  <testcase name="sample" time="0.002" classname="basics.TestCase03Test"/>
  <system-out/>
  <testcase name="sample" time="0.006" classname="basics.TestCase03Test"/>
  <system-out/>
</testsuite> <!-- basics.TestCase03Test -->
