<?xml version="1.0" encoding="UTF-8"?>
<!-- Generated by org.testng.reporters.JUnitReportReporter -->
<testsuite skipped="0" hostname="DESKTOP-38IUH1H" name="basics.TC_01Test" tests="1" failures="0" timestamp="2021-08-05T12:21:33 IST" time="48.613" errors="0">
  <testcase name="createAccount" time="48.613" classname="basics.TC_01Test"/>
  <system-out/>
</testsuite> <!-- basics.TC_01Test -->
