<?xml version="1.0" encoding="UTF-8"?>
<!-- Generated by org.testng.reporters.JUnitReportReporter -->
<testsuite skipped="0" hostname="DESKTOP-38IUH1H" name="takingScreenshot.TC_04Test" tests="1" failures="0" timestamp="2021-08-12T14:53:13 IST" time="6.646" errors="0">
  <testcase name="dominios" time="6.646" classname="takingScreenshot.TC_04Test"/>
  <system-out/>
</testsuite> <!-- takingScreenshot.TC_04Test -->
