<?xml version="1.0" encoding="UTF-8"?>
<!-- Generated by org.testng.reporters.JUnitReportReporter -->
<testsuite skipped="0" hostname="DESKTOP-38IUH1H" name="practise.TC_09Test" tests="1" failures="0" timestamp="2021-08-12T14:37:12 IST" time="14.619" errors="0">
  <testcase name="modifyAccount" time="14.619" classname="practise.TC_09Test"/>
  <system-out>
from modify account  </system-out>
</testsuite> <!-- practise.TC_09Test -->
