<?xml version="1.0" encoding="UTF-8"?>
<!-- Generated by org.testng.reporters.JUnitReportReporter -->
<testsuite skipped="0" hostname="DESKTOP-38IUH1H" name="products.ToReadDataFromXml" tests="2" failures="0" timestamp="2021-08-11T12:38:33 IST" time="20.674" errors="0">
  <testcase name="readData" time="11.917" classname="products.ToReadDataFromXml"/>
  <system-out/>
  <testcase name="readData" time="8.757" classname="products.ToReadDataFromXml"/>
  <system-out/>
</testsuite> <!-- products.ToReadDataFromXml -->
