<?xml version="1.0" encoding="UTF-8"?>
<!-- Generated by org.testng.reporters.JUnitReportReporter -->
<testsuite skipped="0" hostname="DESKTOP-38IUH1H" name="basics.Test01" tests="1" failures="0" timestamp="2021-08-04T14:30:40 IST" time="11.642" errors="0">
  <testcase name="Ample" time="11.642" classname="basics.Test01"/>
  <system-out>
from ample  </system-out>
</testsuite> <!-- basics.Test01 -->
