<?xml version="1.0" encoding="UTF-8"?>
<!-- Generated by org.testng.reporters.JUnitReportReporter -->
<testsuite skipped="0" hostname="DESKTOP-38IUH1H" name="practise.TC_11Test" tests="1" failures="0" timestamp="2021-08-12T14:37:12 IST" time="22.977" errors="0">
  <testcase name="createOrg" time="22.977" classname="practise.TC_11Test"/>
  <system-out>
from create org  </system-out>
</testsuite> <!-- practise.TC_11Test -->
