<?xml version="1.0" encoding="UTF-8"?>
<!-- Generated by org.testng.reporters.JUnitReportReporter -->
<testsuite skipped="1" hostname="DESKTOP-38IUH1H" name="takingScreenshot.TC_06Test" tests="2" failures="0" timestamp="2021-08-12T15:16:29 IST" time="13.137" errors="0">
  <testcase name="tinder1" time="7.507" classname="takingScreenshot.TC_06Test"/>
  <system-out/>
  <testcase name="tinder1" time="5.630" classname="takingScreenshot.TC_06Test">
    <skipped/>
  </testcase> <!-- tinder1 -->
  <system-out/>
</testsuite> <!-- takingScreenshot.TC_06Test -->
