<?xml version="1.0" encoding="UTF-8"?>
<!-- Generated by org.testng.reporters.JUnitReportReporter -->
<testsuite skipped="0" hostname="DESKTOP-38IUH1H" name="products.D" tests="5" failures="0" timestamp="2021-08-10T16:25:29 IST" time="0.017" errors="0">
  <testcase name="test4" time="0.004" classname="products.D"/>
  <system-out>
from test 4  </system-out>
  <testcase name="test5" time="0.003" classname="products.D"/>
  <system-out>
from test 5  </system-out>
  <testcase name="test1" time="0.008" classname="products.D"/>
  <system-out>
from test 1  </system-out>
  <testcase name="test3" time="0.001" classname="products.D"/>
  <system-out>
from test 3  </system-out>
  <testcase name="test2" time="0.001" classname="products.D"/>
  <system-out>
from test 2  </system-out>
</testsuite> <!-- products.D -->
