<?xml version="1.0" encoding="UTF-8"?>
<!-- Generated by org.testng.reporters.JUnitReportReporter -->
<testsuite skipped="0" hostname="DESKTOP-38IUH1H" name="testScripts.TC_01Test" tests="1" failures="0" timestamp="2021-08-17T10:43:24 IST" time="12.141" errors="0">
  <testcase name="createReports" time="12.141" classname="testScripts.TC_01Test"/>
  <system-out/>
</testsuite> <!-- testScripts.TC_01Test -->
