<?xml version="1.0" encoding="UTF-8"?>
<!-- Generated by org.testng.reporters.JUnitReportReporter -->
<testsuite skipped="0" hostname="DESKTOP-38IUH1H" name="takingScreenshot.TC_01Test" tests="1" failures="0" timestamp="2021-08-12T14:53:13 IST" time="5.235" errors="0">
  <testcase name="swiggy" time="5.235" classname="takingScreenshot.TC_01Test"/>
  <system-out/>
</testsuite> <!-- takingScreenshot.TC_01Test -->
