<?xml version="1.0" encoding="UTF-8"?>
<!-- Generated by org.testng.reporters.JUnitReportReporter -->
<testsuite skipped="0" hostname="DESKTOP-38IUH1H" name="practise.TC_13Test" tests="1" failures="0" timestamp="2021-08-12T14:37:12 IST" time="19.398" errors="0">
  <testcase name="deleteOrg" time="19.398" classname="practise.TC_13Test"/>
  <system-out>
from delete org  </system-out>
</testsuite> <!-- practise.TC_13Test -->
