<?xml version="1.0" encoding="UTF-8"?>
<!-- Generated by org.testng.reporters.JUnitReportReporter -->
<testsuite skipped="0" hostname="DESKTOP-38IUH1H" name="practise.TC_15Test" tests="1" failures="0" timestamp="2021-08-11T10:46:29 IST" time="4.261" errors="0">
  <testcase name="modifyPurchaseOrder" time="4.261" classname="practise.TC_15Test"/>
  <system-out>
from modify purchase order  </system-out>
</testsuite> <!-- practise.TC_15Test -->
