<?xml version="1.0" encoding="UTF-8"?>
<!-- Generated by org.testng.reporters.JUnitReportReporter -->
<testsuite skipped="0" hostname="DESKTOP-38IUH1H" name="basics.ConfigurationAnnotations" tests="2" failures="0" timestamp="2021-08-05T12:08:06 IST" time="0.010" errors="0">
  <testcase name="abcd" time="0.009" classname="basics.ConfigurationAnnotations"/>
  <system-out>
from test abcd  </system-out>
  <testcase name="test" time="0.001" classname="basics.ConfigurationAnnotations"/>
  <system-out>
from test case  </system-out>
</testsuite> <!-- basics.ConfigurationAnnotations -->
