<?xml version="1.0" encoding="UTF-8"?>
<!-- Generated by org.testng.reporters.JUnitReportReporter -->
<testsuite skipped="0" hostname="DESKTOP-38IUH1H" name="san.TC_03" tests="2" failures="0" timestamp="2021-08-12T10:42:56 IST" time="17.067" errors="0">
  <testcase name="order1" time="7.748" classname="san.TC_03"/>
  <system-out/>
  <testcase name="order1" time="9.319" classname="san.TC_03"/>
  <system-out/>
</testsuite> <!-- san.TC_03 -->
