<?xml version="1.0" encoding="UTF-8"?>
<!-- Generated by org.testng.reporters.JUnitReportReporter -->
<testsuite skipped="0" hostname="DESKTOP-38IUH1H" name="takingScreenshot.TC_05Test" tests="1" failures="0" timestamp="2021-08-12T14:53:13 IST" time="5.511" errors="0">
  <testcase name="moneycontrol" time="5.511" classname="takingScreenshot.TC_05Test"/>
  <system-out/>
</testsuite> <!-- takingScreenshot.TC_05Test -->
