<?xml version="1.0" encoding="UTF-8"?>
<!-- Generated by org.testng.reporters.JUnitReportReporter -->
<testsuite skipped="0" hostname="DESKTOP-38IUH1H" name="practise.TC_10Test" tests="1" failures="0" timestamp="2021-08-12T14:37:12 IST" time="18.097" errors="0">
  <testcase name="deleteAccount" time="18.097" classname="practise.TC_10Test"/>
  <system-out>
from delete account  </system-out>
</testsuite> <!-- practise.TC_10Test -->
