<?xml version="1.0" encoding="UTF-8"?>
<!-- Generated by org.testng.reporters.JUnitReportReporter -->
<testsuite skipped="0" hostname="DESKTOP-38IUH1H" name="practise.TC_12Test" tests="1" failures="0" timestamp="2021-08-11T10:46:29 IST" time="10.358" errors="0">
  <testcase name="modifyOrg" time="10.358" classname="practise.TC_12Test"/>
  <system-out>
from modify org  </system-out>
</testsuite> <!-- practise.TC_12Test -->
